STAR version=2.7.9a
STAR compilation time,server,dir=2021-05-04T09:43:56-0400 vega:/home/dobin/data/STAR/STARcode/STAR.master/source
##### Command Line:
STAR --runThreadN 5 --genomeDir 03STAR_genome --readFilesIn 01raw_data/adrenal_1.fastq 01raw_data/adrenal_2.fastq --outFileNamePrefix 04align_out_Sam/adrenal
##### Initial USER parameters from Command Line:
outFileNamePrefix                 04align_out_Sam/adrenal
###### All USER parameters from Command Line:
runThreadN                    5     ~RE-DEFINED
genomeDir                     03STAR_genome     ~RE-DEFINED
readFilesIn                   01raw_data/adrenal_1.fastq   01raw_data/adrenal_2.fastq        ~RE-DEFINED
outFileNamePrefix             04align_out_Sam/adrenal     ~RE-DEFINED
##### Finished reading parameters from all sources

##### Final user re-defined parameters-----------------:
runThreadN                        5
genomeDir                         03STAR_genome
readFilesIn                       01raw_data/adrenal_1.fastq   01raw_data/adrenal_2.fastq   
outFileNamePrefix                 04align_out_Sam/adrenal

-------------------------------
##### Final effective command line:
STAR   --runThreadN 5   --genomeDir 03STAR_genome   --readFilesIn 01raw_data/adrenal_1.fastq   01raw_data/adrenal_2.fastq      --outFileNamePrefix 04align_out_Sam/adrenal
----------------------------------------

Number of fastq files for each mate = 1
ParametersSolo: --soloCellFilterType CellRanger2.2 filtering parameters:  3000 0.99 10
Finished loading and checking parameters
Reading genome generation parameters:
### STAR   --runMode genomeGenerate      --runThreadN 6   --genomeDir 03STAR_genome   --genomeFastaFiles 00ref/chr19.fa      --sjdbGTFfile 00ref/UCSC_hg19_chr19_gene_annotation.gtf
### GstrandBit=32
versionGenome                 2.7.4a     ~RE-DEFINED
genomeType                    Full     ~RE-DEFINED
genomeFastaFiles              00ref/chr19.fa        ~RE-DEFINED
genomeSAindexNbases           14     ~RE-DEFINED
genomeChrBinNbits             18     ~RE-DEFINED
genomeSAsparseD               1     ~RE-DEFINED
genomeTransformType           None     ~RE-DEFINED
genomeTransformVCF            -     ~RE-DEFINED
sjdbOverhang                  100     ~RE-DEFINED
sjdbFileChrStartEnd           -        ~RE-DEFINED
sjdbGTFfile                   00ref/UCSC_hg19_chr19_gene_annotation.gtf     ~RE-DEFINED
sjdbGTFchrPrefix              -     ~RE-DEFINED
sjdbGTFfeatureExon            exon     ~RE-DEFINED
sjdbGTFtagExonParentTranscripttranscript_id     ~RE-DEFINED
sjdbGTFtagExonParentGene      gene_id     ~RE-DEFINED
sjdbInsertSave                Basic     ~RE-DEFINED
genomeFileSizes               61605289   479803363        ~RE-DEFINED
Genome version is compatible with current STAR
Number of real (reference) chromosomes= 1
1	chr19	59128983	0
--sjdbOverhang = 100 taken from the generated genome
Started loading the genome: Tue Nov  2 00:23:44 2021

Genome: size given as a parameter = 61605289
SA: size given as a parameter = 479803363
SAindex: size given as a parameter = 1
Read from SAindex: pGe.gSAindexNbases=14  nSAi=357913940
nGenome=61605289;  nSAbyte=479803363
GstrandBit=32   SA number of indices=116315966
Shared memory is not used for genomes. Allocated a private copy of the genome.
Genome file size: 61605289 bytes; state: good=1 eof=0 fail=0 bad=0
Loading Genome ... done! state: good=1 eof=0 fail=0 bad=0; loaded 61605289 bytes
SA file size: 479803363 bytes; state: good=1 eof=0 fail=0 bad=0
Loading SA ... done! state: good=1 eof=0 fail=0 bad=0; loaded 479803363 bytes
Loading SAindex ... done: 1565873619 bytes
Finished loading the genome: Tue Nov  2 00:23:47 2021

Processing splice junctions database sjdbN=11745,   pGe.sjdbOverhang=100 
alignIntronMax=alignMatesGapMax=0, the max intron size will be approximately determined by (2^winBinNbits)*winAnchorDistNbins=589824
Created thread # 1
Created thread # 2
Created thread # 3
Created thread # 4
Thread #1 end of input stream, nextChar=-1
Completed: thread #2
Completed: thread #3
Completed: thread #0
Completed: thread #4
Completed: thread #1
Joined thread # 1
Joined thread # 2
Joined thread # 3
Joined thread # 4
ALL DONE!
