                                 Started job on |	Nov 02 00:24:19
                             Started mapping on |	Nov 02 00:24:23
                                    Finished on |	Nov 02 00:24:26
       Mapping speed, Million of reads per hour |	45.59

                          Number of input reads |	37992
                      Average input read length |	100
                                    UNIQUE READS:
                   Uniquely mapped reads number |	35684
                        Uniquely mapped reads % |	93.93%
                          Average mapped length |	98.63
                       Number of splices: Total |	11772
            Number of splices: Annotated (sjdb) |	11641
                       Number of splices: GT/AG |	11737
                       Number of splices: GC/AG |	7
                       Number of splices: AT/AC |	0
               Number of splices: Non-canonical |	28
                      Mismatch rate per base, % |	0.55%
                         Deletion rate per base |	0.01%
                        Deletion average length |	1.21
                        Insertion rate per base |	0.01%
                       Insertion average length |	1.15
                             MULTI-MAPPING READS:
        Number of reads mapped to multiple loci |	423
             % of reads mapped to multiple loci |	1.11%
        Number of reads mapped to too many loci |	4
             % of reads mapped to too many loci |	0.01%
                                  UNMAPPED READS:
  Number of reads unmapped: too many mismatches |	0
       % of reads unmapped: too many mismatches |	0.00%
            Number of reads unmapped: too short |	1881
                 % of reads unmapped: too short |	4.95%
                Number of reads unmapped: other |	0
                     % of reads unmapped: other |	0.00%
                                  CHIMERIC READS:
                       Number of chimeric reads |	0
                            % of chimeric reads |	0.00%
