                                 Started job on |	Nov 01 21:46:37
                             Started mapping on |	Nov 01 21:46:41
                                    Finished on |	Nov 01 21:46:46
       Mapping speed, Million of reads per hour |	36.09

                          Number of input reads |	50121
                      Average input read length |	100
                                    UNIQUE READS:
                   Uniquely mapped reads number |	47328
                        Uniquely mapped reads % |	94.43%
                          Average mapped length |	99.18
                       Number of splices: Total |	13296
            Number of splices: Annotated (sjdb) |	13071
                       Number of splices: GT/AG |	13224
                       Number of splices: GC/AG |	15
                       Number of splices: AT/AC |	0
               Number of splices: Non-canonical |	57
                      Mismatch rate per base, % |	0.54%
                         Deletion rate per base |	0.01%
                        Deletion average length |	1.31
                        Insertion rate per base |	0.01%
                       Insertion average length |	1.18
                             MULTI-MAPPING READS:
        Number of reads mapped to multiple loci |	539
             % of reads mapped to multiple loci |	1.08%
        Number of reads mapped to too many loci |	12
             % of reads mapped to too many loci |	0.02%
                                  UNMAPPED READS:
  Number of reads unmapped: too many mismatches |	0
       % of reads unmapped: too many mismatches |	0.00%
            Number of reads unmapped: too short |	2241
                 % of reads unmapped: too short |	4.47%
                Number of reads unmapped: other |	1
                     % of reads unmapped: other |	0.00%
                                  CHIMERIC READS:
                       Number of chimeric reads |	0
                            % of chimeric reads |	0.00%
